make all --print-data-base --no-builtin-variables --no-builtin-rules --question
# GNU Make 4.2.1
# Built for x86_64-suse-linux-gnu
# Copyright (C) 1988-2016 Free Software Foundation, Inc.
# License GPLv3+: GNU GPL version 3 or later <http://gnu.org/licenses/gpl.html>
# This is free software: you are free to change and redistribute it.
# There is NO WARRANTY, to the extent permitted by law.
 

# Make data base, printed on Sat Mar 12 22:50:07 2022

# Variables

# environment
WEBBROWSER = firefox
# automatic
<D = $(patsubst %/,%,$(dir $<))
# automatic
?F = $(notdir $?)
# default
.SHELLFLAGS := -c
# environment
XDG_SESSION_CLASS = user
# environment
VSCODE_AGENT_FOLDER = /home/k/kyledy/.vscode-server
# environment
XDG_SESSION_TYPE = tty
# environment
VSCODE_LOG_NATIVE = false
# environment
GTK3_MODULES = unity-gtk-module
# automatic
?D = $(patsubst %/,%,$(dir $?))
# environment
JAVA_ROOT = /usr/lib64/jvm/java
# environment
FIGNORE = .o:.class
# automatic
@D = $(patsubst %/,%,$(dir $@))
# automatic
@F = $(notdir $@)
# default
MAKE_VERSION := 4.2.1
# makefile
CURDIR := /home/k/kyledy/cs221/pa2
# makefile (from 'Makefile', line 3)
TEST_FILLS = testFills
# makefile
SHELL = /bin/sh
# environment
CONFIG_SITE = /usr/share/site/x86_64-unknown-linux-gnu
# makefile (from 'Makefile', line 12)
INCLUDE_PR = pixelpoint.h priority.h
# environment
VSCODE_NLS_CONFIG = {"locale":"en","availableLanguages":{}}
# environment
_ = /usr/bin/make
# environment
XDG_CONFIG_DIRS = /cs/local/generic/share/xfce/xdg:/etc/xdg
# environment
LESSOPEN = lessopen.sh %s
# makefile (from 'Makefile', line 1)
MAKEFILE_LIST :=  Makefile
# environment
MINICOM = -c on
# 'override' directive
GNUMAKEFLAGS := 
# makefile (from 'Makefile', line 19)
CXXFLAGS = -std=c++1y -stdlib=libc++ -c -g -O0 -Wall -Wextra -pedantic
# environment
XDG_DATA_DIRS = /cs/local/generic/share/xfce/share:/home/k/kyledy/.local/share/flatpak/exports/share:/var/lib/flatpak/exports/share:/usr/local/share:/usr/share
# environment
LIBGL_DEBUG = quiet
# environment
DBUS_SESSION_BUS_ADDRESS = unix:path=/run/user/2969638/bus
# environment
VSCODE_VERBOSE_LOGGING = true
# environment
MACHTYPE = x86_64-suse-linux
# environment
INFOPATH = /cs/local/generic/info:/usr/local/info:/usr/info:/usr/share/info:.
# environment
USER = kyledy
# environment
VSCODE_CWD = /home/k/kyledy
# environment
SSH_CONNECTION = 142.179.65.186 52165 198.162.33.37 22
# environment
PATH = /home/k/kyledy/.vscode-server/bin/8908a9ca0f221f36507231afb39d2d8d1e182702/bin/remote-cli:/cs/local/bin:/cs/local/generic/bin:/cs/local/bin/pbm+:/bin:/usr/ucb:/usr/bin:/home/k/kyledy/bin:/home/k/kyledy/bin/ix64linux:/usr/local/bin:/var/cfengine/bin:/usr/lib/mit/bin
# makefile (from 'Makefile', line 18)
LD = clang++
# environment
define BASH_FUNC_mc%%
() {  . /usr/share/mc/mc-wrapper.sh
}
endef
# environment
XCURSOR_THEME = DMZ
# environment
XDG_RUNTIME_DIR = /run/user/2969638
# environment
BASH_ENV = /home/k/kyledy/.bashrc
# makefile (from 'Makefile', line 7)
OBJS_TEST_PR = testPriority.o priority.o
# environment
JAVA_BINDIR = /usr/lib64/jvm/java/bin
# environment
VSCODE_LOG_STACK = false
# environment
VSCODE_IPC_HOOK_CLI = /run/user/2969638/vscode-ipc-bfcf2af9-d2fd-4386-a4eb-86e6365b992f.sock
# makefile (from 'Makefile', line 20)
LDFLAGS = -std=c++1y -stdlib=libc++ -lc++abi -lpthread -lm
# default
.FEATURES := target-specific order-only second-expansion else-if shortest-stem undefine oneshell archives jobserver output-sync check-symlink load
# environment
LS_COLORS = 
# environment
XAPPLRESDIR = /cs/local/generic/lib/X11/app-defaults
# environment
JDK_HOME = /usr/lib64/jvm/java
# automatic
%F = $(notdir $%)
# makefile (from 'Makefile', line 1)
TEST_PR = testPriority
# makefile (from 'Makefile', line 15)
INCLUDE_UTILS = cs221util/PNG.h cs221util/HSLAPixel.h cs221util/lodepng/lodepng.h
# environment
VSCODE_PIPE_LOGGING = true
# makefile (from 'Makefile', line 13)
INCLUDE_SQ = stack.h queue.h stack.cpp queue.cpp
# environment
PWD = /home/k/kyledy/cs221/pa2
# default
.LOADED := 
# environment
QEMU_AUDIO_DRV = pa
# makefile (from 'Makefile', line 2)
TEST_SQ = testStackQueue
# automatic
*D = $(patsubst %/,%,$(dir $*))
# environment
AUDIODRIVER = pulseaudio
# environment
G_BROKEN_FILENAMES = 1
# environment
MANPATH = /usr/local/man:/usr/share/man:/var/cfengine/share/man
# environment
VSCODE_AMD_ENTRYPOINT = vs/workbench/api/node/extensionHostProcess
# environment
EXINIT = set nu showmode showmatch exrc
# environment
HOME = /home/k/kyledy
# makefile (from 'Makefile', line 8)
OBJS_TEST_FILLS = testFills.o priority.o
# environment
LESSCLOSE = lessclose.sh %s %s
# environment
LESSKEY = /etc/lesskey.bin
# environment
LOGNAME = kyledy
# environment
G_FILENAME_ENCODING = @locale,UTF-8,ISO-8859-15,CP1252
# environment
APPLICATION_INSIGHTS_NO_DIAGNOSTIC_CHANNEL = true
# automatic
+F = $(notdir $+)
# environment
SDK_HOME = /usr/lib64/jvm/java
# environment
VSCODE_HANDLES_UNCAUGHT_ERRORS = true
# automatic
^D = $(patsubst %/,%,$(dir $^))
# environment
HOSTNAME = pender
# environment
JDK_JAVA_OPTIONS = -Xmx500m
# environment
MAKELEVEL := 0
# environment
COLORTERM = 1
# default
MAKE = $(MAKE_COMMAND)
# default
MAKECMDGOALS := all
# environment
OSTYPE = linux
# environment
XKEYSYMDB = /usr/X11R6/lib/X11/XKeysymDB
# environment
SHLVL = 5
# environment
JRE_HOME = /usr/lib64/jvm/java
# environment
WINDOWMANAGER = /usr/bin/startxfce4
# environment
UBUNTU_MENUPROXY = 1
# environment
LESS_ADVANCED_PREPROCESSOR = no
# environment
JAVA_HOME = /usr/lib64/jvm/java
# environment
XDG_SESSION_ID = 38098
# environment
EDITOR = vi
# environment
LS_OPTIONS = -N --color=none -T 0
# makefile (from 'Makefile', line 6)
OBJS_MAIN = main.o
# makefile
.DEFAULT_GOAL := all
# environment
CLASSPATH = .
# environment
LESS = -M -I -R
# automatic
%D = $(patsubst %/,%,$(dir $%))
# environment
CPU = x86_64
# environment
CS_MACH = ix64linux
# default
MAKE_COMMAND := make
# environment
PROFILEREAD = true
# environment
OLDPWD = /home/k/kyledy/.vscode-server/bin/8908a9ca0f221f36507231afb39d2d8d1e182702
# default
.VARIABLES := 
# environment
CVS_RSH = ssh
# automatic
*F = $(notdir $*)
# makefile
MAKEFLAGS = pqrR
# environment
MFLAGS = -pqrR
# environment
SSH_CLIENT = 142.179.65.186 52165 22
# environment
MAIL = /var/spool/mail/kyledy
# automatic
+D = $(patsubst %/,%,$(dir $+))
# environment
BROWSER = /home/k/kyledy/.vscode-server/bin/8908a9ca0f221f36507231afb39d2d8d1e182702/bin/helpers/browser.sh
# environment
GTK2_MODULES = unity-gtk-module
# environment
CS_BSD = 1
# environment
PYTHONSTARTUP = /etc/pythonstart
# makefile (from 'Makefile', line 14)
INCLUDE_FILLS = pixelpoint.h priority.h filler.h filler.cpp imageTileColorPicker.h negativeColorPicker.h censorColorPicker.h solidColorPicker.h rainbowColorPicker.o
# default
MAKEFILES := 
# makefile (from 'Makefile', line 9)
OBJS_TEST_SQ = testStackQueue.o
# automatic
<F = $(notdir $<)
# environment
CSHEDIT = emacs
# environment
CS_UNIX = bsd
# makefile (from 'Makefile', line 17)
CXX = clang++
# environment
PAGER = less
# environment
LC_ALL = C
# makefile (from 'Makefile', line 10)
OBJS_UTILS = animation.o lodepng.o HSLAPixel.o PNG.o
# environment
HOSTTYPE = x86_64
# automatic
^F = $(notdir $^)
# environment
FROM_HEADER = 
# default
SUFFIXES := 
# environment
HISTSIZE = 1000
# environment
XNLSPATH = /usr/share/X11/nls
# makefile (from 'Makefile', line 5)
OBJS_COLORPICKERS = imageTileColorPicker.o negativeColorPicker.o censorColorPicker.o solidColorPicker.o rainbowColorPicker.o
# default
.INCLUDE_DIRS = /usr/include /usr/local/include /usr/include
# environment
MORE = -sl
# environment
SDL_AUDIODRIVER = pulse
# default
.RECIPEPREFIX := 
# environment
define BASH_FUNC_use%%
() {  eval `/cs/local/generic/bin/use $*`
}
endef
# environment
GPG_TTY = not a tty
# default
MAKE_HOST := x86_64-suse-linux-gnu
# environment
LANG = C
# environment
QT_SYSTEM_DIR = /usr/share/desktop-data
# environment
VSCODE_EXTHOST_WILL_SEND_SOCKET = true
# environment
PILOTPORT = usb:
# environment
HOST = pender
 
# variable set hash-table stats:
# Load=146/1024=14%, Rehash=0, Collisions=24/190=13%

# Pattern-specific Variable Values

# No pattern-specific variable values.

# Directories

# . (device 59, inode 22888330223): 52 files, no impossibilities.

# 52 files, no impossibilities in 1 directories.

# Implicit Rules

%.o: %.cpp
#  recipe to execute (from 'Makefile', line 44):
	$(CXX) $(CXXFLAGS) $< -o $@

# 1 implicit rules, 0 (0.0%) terminal.

# Files

# Not a target:
cs221util/HSLAPixel.h:
#  Implicit rule search has been done.
#  Last modified 2022-02-16 16:24:15.165392
#  File has been updated.
#  Successfully updated.

# Not a target:
imageTileColorPicker.h:
#  Implicit rule search has been done.
#  Last modified 2022-03-06 17:33:18.062221
#  File has been updated.
#  Successfully updated.

negativeColorPicker.o: negativeColorPicker.cpp
#  Implicit rule search has been done.
#  Implicit/static pattern stem: 'negativeColorPicker'
#  Last modified 2022-03-06 17:41:38.996392
#  File has been updated.
#  Successfully updated.
#  recipe to execute (from 'Makefile', line 44):
	$(CXX) $(CXXFLAGS) $< -o $@

# Not a target:
censorColorPicker.cpp:
#  Implicit rule search has been done.
#  Last modified 2022-03-07 18:40:40.898973
#  File has been updated.
#  Successfully updated.

# Not a target:
cs221util/HSLAPixel.cpp:
#  Implicit rule search has been done.
#  Last modified 2022-03-05 20:30:07.126353
#  File has been updated.
#  Successfully updated.

# Not a target:
imageTileColorPicker.cpp:
#  Implicit rule search has been done.
#  Last modified 2022-03-06 18:27:18.312145
#  File has been updated.
#  Successfully updated.

all: testFills testStackQueue testPriority
#  Command line target.
#  Implicit rule search has been done.
#  File does not exist.
#  File has been updated.
#  Successfully updated.

# Not a target:
priority.h:
#  Implicit rule search has been done.
#  Last modified 2022-03-05 21:20:16.055609
#  File has been updated.
#  Successfully updated.

# Not a target:
solidColorPicker.h:
#  Implicit rule search has been done.
#  Last modified 2022-02-16 16:24:16.469494
#  File has been updated.
#  Successfully updated.

rainbowColorPicker.o: rainbowColorPicker.cpp
#  Implicit rule search has been done.
#  Implicit/static pattern stem: 'rainbowColorPicker'
#  Last modified 2022-03-06 17:18:27.262504
#  File has been updated.
#  Successfully updated.
#  recipe to execute (from 'Makefile', line 44):
	$(CXX) $(CXXFLAGS) $< -o $@

# Not a target:
priority.cpp:
#  Implicit rule search has been done.
#  Last modified 2022-03-05 21:20:33.028371
#  File has been updated.
#  Successfully updated.

# Not a target:
solidColorPicker.cpp:
#  Implicit rule search has been done.
#  Last modified 2022-03-06 14:39:20.314084
#  File has been updated.
#  Successfully updated.

# Not a target:
cs221util/PNG.h:
#  Implicit rule search has been done.
#  Last modified 2022-02-16 16:24:15.453806
#  File has been updated.
#  Successfully updated.

# Not a target:
Makefile:
#  Implicit rule search has been done.
#  Last modified 2022-02-16 16:24:15.781286
#  File has been updated.
#  Successfully updated.

# Not a target:
testStackQueue.cpp:
#  Implicit rule search has been done.
#  Last modified 2022-03-05 20:10:47.681562
#  File has been updated.
#  Successfully updated.

# Not a target:
cs221util/PNG.cpp:
#  Implicit rule search has been done.
#  Last modified 2022-02-16 16:24:15.430476
#  File has been updated.
#  Successfully updated.

# Not a target:
filler.h:
#  Implicit rule search has been done.
#  Last modified 2022-03-07 16:42:21.242769
#  File has been updated.
#  Successfully updated.

# Not a target:
stack.h:
#  Implicit rule search has been done.
#  Last modified 2022-02-22 12:26:43.732667
#  File has been updated.
#  Successfully updated.

# Not a target:
testPriority.cpp:
#  Implicit rule search has been done.
#  Last modified 2022-03-05 21:28:33.426891
#  File has been updated.
#  Successfully updated.

# Not a target:
animation.cpp:
#  Implicit rule search has been done.
#  Last modified 2022-02-16 16:24:14.703587
#  File has been updated.
#  Successfully updated.

testFills.o: testFills.cpp pixelpoint.h priority.h filler.h filler.cpp imageTileColorPicker.h negativeColorPicker.h censorColorPicker.h solidColorPicker.h rainbowColorPicker.o pixelpoint.h priority.h stack.h queue.h stack.cpp queue.cpp cs221util/PNG.h cs221util/HSLAPixel.h cs221util/lodepng/lodepng.h
#  Implicit rule search has not been done.
#  Last modified 2022-03-07 18:20:49.003059
#  File has been updated.
#  Successfully updated.
#  recipe to execute (from 'Makefile', line 40):
	$(CXX) $(CXXFLAGS) $< -o $@

testFills: imageTileColorPicker.o negativeColorPicker.o censorColorPicker.o solidColorPicker.o rainbowColorPicker.o testFills.o priority.o animation.o lodepng.o HSLAPixel.o PNG.o
#  Implicit rule search has not been done.
#  Last modified 2022-03-07 18:40:45.548267
#  File has been updated.
#  Successfully updated.
#  recipe to execute (from 'Makefile', line 31):
	$(LD) $^ $(LDFLAGS) -o $@

# Not a target:
filler.cpp:
#  Implicit rule search has been done.
#  Last modified 2022-03-07 16:42:20.883762
#  File has been updated.
#  Successfully updated.

# Not a target:
stack.cpp:
#  Implicit rule search has been done.
#  Last modified 2022-03-05 19:58:36.86858
#  File has been updated.
#  Successfully updated.

censorColorPicker.o: censorColorPicker.cpp
#  Implicit rule search has been done.
#  Implicit/static pattern stem: 'censorColorPicker'
#  Last modified 2022-03-07 18:40:43.322126
#  File has been updated.
#  Successfully updated.
#  recipe to execute (from 'Makefile', line 44):
	$(CXX) $(CXXFLAGS) $< -o $@

imageTileColorPicker.o: imageTileColorPicker.cpp
#  Implicit rule search has been done.
#  Implicit/static pattern stem: 'imageTileColorPicker'
#  Last modified 2022-03-06 18:27:20.599753
#  File has been updated.
#  Successfully updated.
#  recipe to execute (from 'Makefile', line 44):
	$(CXX) $(CXXFLAGS) $< -o $@

# Not a target:
negativeColorPicker.h:
#  Implicit rule search has been done.
#  Last modified 2022-03-06 16:42:17.761213
#  File has been updated.
#  Successfully updated.

# Not a target:
.DEFAULT:
#  Implicit rule search has not been done.
#  Modification time never checked.
#  File has not been updated.

# Not a target:
negativeColorPicker.cpp:
#  Implicit rule search has been done.
#  Last modified 2022-03-06 17:41:16.431653
#  File has been updated.
#  Successfully updated.

# Not a target:
queue.h:
#  Implicit rule search has been done.
#  Last modified 2022-02-16 16:24:16.394662
#  File has been updated.
#  Successfully updated.

priority.o: priority.cpp
#  Implicit rule search has been done.
#  Implicit/static pattern stem: 'priority'
#  Last modified 2022-03-06 17:18:32.570939
#  File has been updated.
#  Successfully updated.
#  recipe to execute (from 'Makefile', line 44):
	$(CXX) $(CXXFLAGS) $< -o $@

solidColorPicker.o: solidColorPicker.cpp
#  Implicit rule search has been done.
#  Implicit/static pattern stem: 'solidColorPicker'
#  Last modified 2022-03-06 17:18:26.264251
#  File has been updated.
#  Successfully updated.
#  recipe to execute (from 'Makefile', line 44):
	$(CXX) $(CXXFLAGS) $< -o $@

# Not a target:
queue.cpp:
#  Implicit rule search has been done.
#  Last modified 2022-03-04 15:48:41.827348
#  File has been updated.
#  Successfully updated.

clean:
#  Implicit rule search has not been done.
#  Modification time never checked.
#  File has not been updated.
#  recipe to execute (from 'Makefile', line 56):
	rm -rf $(TEST_PR) $(TEST_SQ) $(TEST_FILLS) $(OBJS_DIR) *.o

testStackQueue: testStackQueue.o
#  Implicit rule search has not been done.
#  Last modified 2022-03-06 17:18:44.404634
#  File has been updated.
#  Successfully updated.
#  recipe to execute (from 'Makefile', line 28):
	$(LD) $^ $(LDFLAGS) -o $@

testStackQueue.o: testStackQueue.cpp stack.h queue.h stack.cpp queue.cpp
#  Implicit rule search has not been done.
#  Last modified 2022-03-06 17:18:43.046406
#  File has been updated.
#  Successfully updated.
#  recipe to execute (from 'Makefile', line 37):
	$(CXX) $(CXXFLAGS) $< -o $@

# Not a target:
rainbowColorPicker.cpp:
#  Implicit rule search has been done.
#  Last modified 2022-02-16 16:24:16.410923
#  File has been updated.
 
#  Successfully updated.

lodepng.o: cs221util/lodepng/lodepng.cpp cs221util/lodepng/lodepng.h
#  Implicit rule search has not been done.
#  Last modified 2022-03-06 17:18:34.212196
#  File has been updated.
#  Successfully updated.
#  recipe to execute (from 'Makefile', line 53):
	$(CXX) $(CXXFLAGS) $< -o $@

testPriority.o: testPriority.cpp pixelpoint.h priority.h
#  Implicit rule search has not been done.
#  Last modified 2022-03-06 17:18:48.695431
#  File has been updated.
#  Successfully updated.
#  recipe to execute (from 'Makefile', line 34):
	$(CXX) $(CXXFLAGS) $< -o $@

testPriority: testPriority.o priority.o lodepng.o HSLAPixel.o PNG.o
#  Implicit rule search has not been done.
#  Last modified 2022-03-06 17:18:51.333914
#  File has been updated.
#  Successfully updated.
#  recipe to execute (from 'Makefile', line 25):
	$(LD) $^ $(LDFLAGS) -o $@

animation.o: animation.cpp
#  Implicit rule search has been done.
#  Implicit/static pattern stem: 'animation'
#  Last modified 2022-03-06 17:18:33.358402
#  File has been updated.
#  Successfully updated.
#  recipe to execute (from 'Makefile', line 44):
	$(CXX) $(CXXFLAGS) $< -o $@

PNG.o: cs221util/PNG.cpp cs221util/PNG.h cs221util/HSLAPixel.h cs221util/lodepng/lodepng.h
#  Implicit rule search has not been done.
#  Last modified 2022-03-06 17:18:35.797998
#  File has been updated.
#  Successfully updated.
#  recipe to execute (from 'Makefile', line 47):
	$(CXX) $(CXXFLAGS) $< -o $@

HSLAPixel.o: cs221util/HSLAPixel.cpp cs221util/PNG.h cs221util/HSLAPixel.h cs221util/lodepng/lodepng.h
#  Implicit rule search has not been done.
#  Last modified 2022-03-06 17:18:34.933331
#  File has been updated.
#  Successfully updated.
#  recipe to execute (from 'Makefile', line 50):
	$(CXX) $(CXXFLAGS) $< -o $@

# Not a target:
cs221util/lodepng/lodepng.h:
#  Implicit rule search has been done.
#  Last modified 2022-02-16 16:24:15.346014
#  File has been updated.
#  Successfully updated.

# Not a target:
pixelpoint.h:
#  Implicit rule search has been done.
#  Last modified 2022-02-16 16:24:15.927813
#  File has been updated.
#  Successfully updated.

# Not a target:
cs221util/lodepng/lodepng.cpp:
#  Implicit rule search has been done.
#  Last modified 2022-02-16 16:24:15.342619
#  File has been updated.
#  Successfully updated.

# Not a target:
testFills.cpp:
#  Implicit rule search has been done.
#  Last modified 2022-03-07 16:51:10.919807
#  File has been updated.
#  Successfully updated.

# Not a target:
censorColorPicker.h:
#  Implicit rule search has been done.
#  Last modified 2022-03-07 18:20:28.624402
#  File has been updated.
#  Successfully updated.

# files hash-table stats:
# Load=49/1024=5%, Rehash=0, Collisions=0/147=0%
# VPATH Search Paths

# No 'vpath' search paths.

# No general ('VPATH' variable) search path.

# strcache buffers: 1 (0) / strings = 73 / storage = 1064 B / avg = 14 B
# current buf: size = 8162 B / used = 1064 B / count = 73 / avg = 14 B

# strcache performance: lookups = 163 / hit rate = 55%
# hash-table stats:
# Load=73/8192=1%, Rehash=0, Collisions=1/163=1%
# Finished Make data base on Sat Mar 12 22:50:07 2022

 
